<?xml version="1.0" encoding="UTF-8"?>
<!-- Generated by org.testng.reporters.JUnitReportReporter -->
<testsuite hostname="jcraj-desktop" failures="0" tests="3" name="Identify_broken_links.broken_links_on_website" time="10.564" errors="0" timestamp="2025-04-23T12:44:52 IST" skipped="0">
  <testcase classname="Identify_broken_links.broken_links_on_website" name="Setup" time="5.523"/>
  <testcase classname="Identify_broken_links.broken_links_on_website" name="Home_Page_Links" time="5.019"/>
  <testcase classname="Identify_broken_links.broken_links_on_website" name="Setweup" time="0.022"/>
</testsuite> <!-- Identify_broken_links.broken_links_on_website -->
