<?xml version="1.0" encoding="UTF-8"?>
<!-- Generated by org.testng.reporters.JUnitReportReporter -->
<testsuite hostname="jcraj-desktop" failures="0" tests="3" name="TC_For_Forgot_Password.Forgot_PasswordTest" time="14.127" errors="0" timestamp="2025-04-23T11:33:32 IST" skipped="0">
  <testcase classname="TC_For_Forgot_Password.Forgot_PasswordTest" name="Setup" time="4.764"/>
  <testcase classname="TC_For_Forgot_Password.Forgot_PasswordTest" name="Forgot_Password" time="7.290"/>
  <testcase classname="TC_For_Forgot_Password.Forgot_PasswordTest" name="QuitBrowser" time="2.073"/>
</testsuite> <!-- TC_For_Forgot_Password.Forgot_PasswordTest -->
