<?xml version="1.0" encoding="UTF-8"?>
<!-- Generated by org.testng.reporters.JUnitReportReporter -->
<testsuite hostname="jcraj-desktop" failures="0" tests="9" name="TC_For_Signup.Carrier_Step_1_Alerts_verificationTest" time="31.044" errors="0" timestamp="2025-04-21T18:53:30 IST" skipped="0">
  <testcase classname="TC_For_Signup.Carrier_Step_1_Alerts_verificationTest" name="Setup" time="5.611"/>
  <testcase classname="TC_For_Signup.Carrier_Step_1_Alerts_verificationTest" name="Role__field_alert" time="4.388"/>
  <testcase classname="TC_For_Signup.Carrier_Step_1_Alerts_verificationTest" name="firstname_field_alert" time="2.280"/>
  <testcase classname="TC_For_Signup.Carrier_Step_1_Alerts_verificationTest" name="email_field_alert" time="2.240"/>
  <testcase classname="TC_For_Signup.Carrier_Step_1_Alerts_verificationTest" name="option_field_alert" time="2.284"/>
  <testcase classname="TC_For_Signup.Carrier_Step_1_Alerts_verificationTest" name="Password_field_alert" time="2.198"/>
  <testcase classname="TC_For_Signup.Carrier_Step_1_Alerts_verificationTest" name="confirm_passowrd_field_alert" time="2.215"/>
  <testcase classname="TC_For_Signup.Carrier_Step_1_Alerts_verificationTest" name="password_validation_alert" time="6.729"/>
  <testcase classname="TC_For_Signup.Carrier_Step_1_Alerts_verificationTest" name="QuitBrowser" time="3.099"/>
</testsuite> <!-- TC_For_Signup.Carrier_Step_1_Alerts_verificationTest -->
