<?xml version="1.0" encoding="UTF-8"?>
<!-- Generated by org.testng.reporters.JUnitReportReporter -->
<testsuite hostname="jcraj-desktop" failures="0" tests="3" name="TC_For_Forgot_Password.Forgot_PasswordTest" time="14.234" errors="0" timestamp="2025-04-22T17:57:35 IST" skipped="0">
  <testcase classname="TC_For_Forgot_Password.Forgot_PasswordTest" name="Setup" time="5.176"/>
  <testcase classname="TC_For_Forgot_Password.Forgot_PasswordTest" name="Forgot_Password" time="5.968"/>
  <testcase classname="TC_For_Forgot_Password.Forgot_PasswordTest" name="QuitBrowser" time="3.090"/>
</testsuite> <!-- TC_For_Forgot_Password.Forgot_PasswordTest -->
