<?xml version="1.0" encoding="UTF-8"?>
<!-- Generated by org.testng.reporters.JUnitReportReporter -->
<testsuite hostname="jcraj-desktop" failures="0" tests="7" name="Utiltity.NewTest" time="14.153" errors="0" timestamp="2025-04-09T12:32:03 IST" skipped="0">
  <testcase classname="Utiltity.NewTest" name="Openbrowser" time="3.980"/>
  <testcase classname="Utiltity.NewTest" name="enterURL" time="6.216"/>
  <testcase classname="Utiltity.NewTest" name="enterdata" time="0.074"/>
  <testcase classname="Utiltity.NewTest" name="waittoseesearhresult" time="3.002"/>
  <testcase classname="Utiltity.NewTest" name="enterUeRL" time="0.786"/>
  <testcase classname="Utiltity.NewTest" name="Pagetitle" time="0.008"/>
  <testcase classname="Utiltity.NewTest" name="closebrowser" time="0.087"/>
</testsuite> <!-- Utiltity.NewTest -->
