<?xml version="1.0" encoding="UTF-8"?>
<!-- Generated by org.testng.reporters.JUnitReportReporter -->
<testsuite hostname="jcraj-desktop" failures="0" tests="2" name="TC_For_Login.Driver_LoginTest" time="10.920" errors="0" timestamp="2025-04-22T17:24:52 IST" skipped="0">
  <testcase classname="TC_For_Login.Driver_LoginTest" name="Setup" time="5.578"/>
  <testcase classname="TC_For_Login.Driver_LoginTest" name="Enter_Valid_U_P" time="5.342"/>
</testsuite> <!-- TC_For_Login.Driver_LoginTest -->
