<?xml version="1.0" encoding="UTF-8"?>
<!-- Generated by org.testng.reporters.JUnitReportReporter -->
<testsuite hostname="jcraj-desktop" failures="0" tests="4" name="TC_For_Login.Login_Alerts_verification" time="10.967" errors="0" timestamp="2025-04-22T17:37:38 IST" skipped="0">
  <testcase classname="TC_For_Login.Login_Alerts_verification" name="Setup" time="5.396"/>
  <testcase classname="TC_For_Login.Login_Alerts_verification" name="Enter_Email_field_alert" time="2.274"/>
  <testcase classname="TC_For_Login.Login_Alerts_verification" name="Enter_Password_field_alert" time="0.208"/>
  <testcase classname="TC_For_Login.Login_Alerts_verification" name="QuitBrowser" time="3.089"/>
</testsuite> <!-- TC_For_Login.Login_Alerts_verification -->
