<?xml version="1.0" encoding="UTF-8"?>
<!-- Generated by org.testng.reporters.JUnitReportReporter -->
<testsuite hostname="jcraj-desktop" failures="0" tests="10" name="TC_For_Signup.Driver_SignUp_with_valid_dataTest" time="34.008" errors="0" timestamp="2025-04-21T15:59:47 IST" skipped="0">
  <testcase classname="TC_For_Signup.Driver_SignUp_with_valid_dataTest" name="Setup" time="5.802"/>
  <testcase classname="TC_For_Signup.Driver_SignUp_with_valid_dataTest" name="FirstStep" time="4.264"/>
  <testcase classname="TC_For_Signup.Driver_SignUp_with_valid_dataTest" name="SignUpFirstPage" time="1.702"/>
  <testcase classname="TC_For_Signup.Driver_SignUp_with_valid_dataTest" name="StepTwo" time="2.028"/>
  <testcase classname="TC_For_Signup.Driver_SignUp_with_valid_dataTest" name="SignUpSecondPage" time="6.386"/>
  <testcase classname="TC_For_Signup.Driver_SignUp_with_valid_dataTest" name="StepThree" time="2.042"/>
  <testcase classname="TC_For_Signup.Driver_SignUp_with_valid_dataTest" name="SignUpthirdPage" time="3.507"/>
  <testcase classname="TC_For_Signup.Driver_SignUp_with_valid_dataTest" name="SignUpConfirmation" time="3.154"/>
  <testcase classname="TC_For_Signup.Driver_SignUp_with_valid_dataTest" name="RedirectToHome" time="2.015"/>
  <testcase classname="TC_For_Signup.Driver_SignUp_with_valid_dataTest" name="QuitBrowser" time="3.108"/>
</testsuite> <!-- TC_For_Signup.Driver_SignUp_with_valid_dataTest -->
