<?xml version="1.0" encoding="UTF-8"?>
<!-- Generated by org.testng.reporters.JUnitReportReporter -->
<testsuite hostname="jcraj-desktop" failures="0" tests="2" name="Responsive_Testing.Responsvie_TestingTest" time="32.294" errors="0" timestamp="2025-04-28T12:39:16 IST" skipped="0">
  <testcase classname="Responsive_Testing.Responsvie_TestingTest" name="CarrierHome" time="21.114"/>
  <testcase classname="Responsive_Testing.Responsvie_TestingTest" name="Aboutus" time="11.180"/>
</testsuite> <!-- Responsive_Testing.Responsvie_TestingTest -->
