<?xml version="1.0" encoding="UTF-8"?>
<!-- Generated by org.testng.reporters.JUnitReportReporter -->
<testsuite hostname="jcraj-desktop" failures="0" tests="6" name="Identify_links.Broken_images_on_websiteTest" time="30.150" errors="0" timestamp="2025-04-23T16:31:49 IST" skipped="0">
  <testcase classname="Identify_links.Broken_images_on_websiteTest" name="Setup" time="4.748"/>
  <testcase classname="Identify_links.Broken_images_on_websiteTest" name="Home_Page_BL" time="9.182"/>
  <testcase classname="Identify_links.Broken_images_on_websiteTest" name="About_US_BL" time="4.897"/>
  <testcase classname="Identify_links.Broken_images_on_websiteTest" name="Plan_BL" time="3.675"/>
  <testcase classname="Identify_links.Broken_images_on_websiteTest" name="Contact" time="4.563"/>
  <testcase classname="Identify_links.Broken_images_on_websiteTest" name="QuitBrowser" time="3.085"/>
</testsuite> <!-- Identify_links.Broken_images_on_websiteTest -->
