<?xml version="1.0" encoding="UTF-8"?>
<!-- Generated by org.testng.reporters.JUnitReportReporter -->
<testsuite hostname="jcraj-desktop" failures="0" tests="6" name="Identify_links.broken_links_on_websiteTest" time="34.302" errors="0" timestamp="2025-04-23T16:26:27 IST" skipped="0">
  <testcase classname="Identify_links.broken_links_on_websiteTest" name="Setup" time="4.896"/>
  <testcase classname="Identify_links.broken_links_on_websiteTest" name="Home_Page_BL" time="6.925"/>
  <testcase classname="Identify_links.broken_links_on_websiteTest" name="About_US_BL" time="6.480"/>
  <testcase classname="Identify_links.broken_links_on_websiteTest" name="Plan_BL" time="6.176"/>
  <testcase classname="Identify_links.broken_links_on_websiteTest" name="Contact" time="6.742"/>
  <testcase classname="Identify_links.broken_links_on_websiteTest" name="QuitBrowser" time="3.083"/>
</testsuite> <!-- Identify_links.broken_links_on_websiteTest -->
