<?xml version="1.0" encoding="UTF-8"?>
<!-- Generated by org.testng.reporters.JUnitReportReporter -->
<testsuite hostname="jcraj-desktop" failures="0" tests="4" name="TC_For_Forgot_Password.Forgot_Password_fields_alertsTest" time="17.857" errors="0" timestamp="2025-04-23T17:17:15 IST" skipped="0">
  <testcase classname="TC_For_Forgot_Password.Forgot_Password_fields_alertsTest" name="Setup" time="4.806"/>
  <testcase classname="TC_For_Forgot_Password.Forgot_Password_fields_alertsTest" name="Email_field_alert" time="6.172"/>
  <testcase classname="TC_For_Forgot_Password.Forgot_Password_fields_alertsTest" name="Change_Password_Page_fields_alert" time="5.789"/>
  <testcase classname="TC_For_Forgot_Password.Forgot_Password_fields_alertsTest" name="QuitBrowser" time="1.090"/>
</testsuite> <!-- TC_For_Forgot_Password.Forgot_Password_fields_alertsTest -->
