<?xml version="1.0" encoding="UTF-8"?>
<!-- Generated by org.testng.reporters.JUnitReportReporter -->
<testsuite hostname="jcraj-desktop" failures="0" tests="4" name="TC_For_Forgot_Password.Forgot_Password_fields_alertsTest" time="18.854" errors="0" timestamp="2025-04-23T11:33:32 IST" skipped="0">
  <testcase classname="TC_For_Forgot_Password.Forgot_Password_fields_alertsTest" name="Setup" time="5.341"/>
  <testcase classname="TC_For_Forgot_Password.Forgot_Password_fields_alertsTest" name="Email_field_alert" time="6.544"/>
  <testcase classname="TC_For_Forgot_Password.Forgot_Password_fields_alertsTest" name="Change_Password_Page_fields_alert" time="5.873"/>
  <testcase classname="TC_For_Forgot_Password.Forgot_Password_fields_alertsTest" name="QuitBrowser" time="1.096"/>
</testsuite> <!-- TC_For_Forgot_Password.Forgot_Password_fields_alertsTest -->
