<?xml version="1.0" encoding="UTF-8"?>
<!-- Generated by org.testng.reporters.JUnitReportReporter -->
<testsuite hostname="jcraj-desktop" failures="0" tests="3" name="TC_For_Forgot_Password.Forgot_PasswordTest" time="12.816" errors="0" timestamp="2025-04-25T14:25:01 IST" skipped="0">
  <testcase classname="TC_For_Forgot_Password.Forgot_PasswordTest" name="Setup" time="4.135"/>
  <testcase classname="TC_For_Forgot_Password.Forgot_PasswordTest" name="Forgot_Password" time="6.607"/>
  <testcase classname="TC_For_Forgot_Password.Forgot_PasswordTest" name="QuitBrowser" time="2.074"/>
</testsuite> <!-- TC_For_Forgot_Password.Forgot_PasswordTest -->
