<?xml version="1.0" encoding="UTF-8"?>
<!-- Generated by org.testng.reporters.JUnitReportReporter -->
<testsuite hostname="jcraj-desktop" failures="0" tests="7" name="TC_For_Signup.Driver_Alerts_Verifications" time="35.053" errors="0" timestamp="2025-04-22T16:52:50 IST" skipped="0">
  <testcase classname="TC_For_Signup.Driver_Alerts_Verifications" name="Setup" time="7.258"/>
  <testcase classname="TC_For_Signup.Driver_Alerts_Verifications" name="First_Step" time="4.354"/>
  <testcase classname="TC_For_Signup.Driver_Alerts_Verifications" name="Second_Step" time="7.691"/>
  <testcase classname="TC_For_Signup.Driver_Alerts_Verifications" name="License_number_field_Verification" time="1.212"/>
  <testcase classname="TC_For_Signup.Driver_Alerts_Verifications" name="Upload_license_image_field_Verification" time="8.172"/>
  <testcase classname="TC_For_Signup.Driver_Alerts_Verifications" name="Term_and_condtions_field_Verification" time="3.155"/>
  <testcase classname="TC_For_Signup.Driver_Alerts_Verifications" name="QuitBrowser" time="3.211"/>
</testsuite> <!-- TC_For_Signup.Driver_Alerts_Verifications -->
