<?xml version="1.0" encoding="UTF-8"?>
<!-- Generated by org.testng.reporters.JUnitReportReporter -->
<testsuite hostname="jcraj-desktop" failures="0" tests="1" name="TC_For_Signup.SignUpTest" time="2.714" errors="0" timestamp="2025-04-11T17:56:19 IST" skipped="0">
  <testcase classname="TC_For_Signup.SignUpTest" name="setUp" time="2.714"/>
</testsuite> <!-- TC_For_Signup.SignUpTest -->
