<?xml version="1.0" encoding="UTF-8"?>
<!-- Generated by org.testng.reporters.JUnitReportReporter -->
<testsuite hostname="jcraj-desktop" failures="0" tests="5" name="Carrier_Role.Profile__Test" time="53.627" errors="0" timestamp="2025-04-24T13:29:36 IST" skipped="0">
  <testcase classname="Carrier_Role.Profile__Test" name="Setup" time="5.187"/>
  <testcase classname="Carrier_Role.Profile__Test" name="Login_with_carrier" time="4.796"/>
  <testcase classname="Carrier_Role.Profile__Test" name="Edit_Profile" time="20.436"/>
  <testcase classname="Carrier_Role.Profile__Test" name="Change_Password" time="22.118"/>
  <testcase classname="Carrier_Role.Profile__Test" name="QuitBrowser" time="1.090"/>
</testsuite> <!-- Carrier_Role.Profile__Test -->
