<?xml version="1.0" encoding="UTF-8"?>
<!-- Generated by org.testng.reporters.JUnitReportReporter -->
<testsuite hostname="jcraj-desktop" failures="0" tests="1" name="testCases.Extentreporttest" time="0.014" errors="0" timestamp="2025-04-23T11:11:58 IST" skipped="0">
  <testcase classname="testCases.Extentreporttest" name="exampleTest" time="0.014"/>
</testsuite> <!-- testCases.Extentreporttest -->
