<?xml version="1.0" encoding="UTF-8"?>
<!-- Generated by org.testng.reporters.JUnitReportReporter -->
<testsuite hostname="jcraj-desktop" failures="0" tests="1" name="TC_For_Signup.SignUpTest" time="4.960" errors="0" timestamp="2025-04-11T16:26:04 IST" skipped="0">
  <testcase classname="TC_For_Signup.SignUpTest" name="Openbrowser" time="4.960"/>
</testsuite> <!-- TC_For_Signup.SignUpTest -->
