<?xml version="1.0" encoding="UTF-8"?>
<!-- Generated by org.testng.reporters.JUnitReportReporter -->
<testsuite hostname="jcraj-desktop" failures="0" tests="8" name="TC_For_Signup.Carrier_Step_2_Alerts_verificationTest" time="10.865" errors="0" timestamp="2025-04-22T14:45:40 IST" skipped="0">
  <testcase classname="TC_For_Signup.Carrier_Step_2_Alerts_verificationTest" name="Setup" time="5.576"/>
  <testcase classname="TC_For_Signup.Carrier_Step_2_Alerts_verificationTest" name="SignUpFirstPage" time="3.545"/>
  <testcase classname="TC_For_Signup.Carrier_Step_2_Alerts_verificationTest" name="State_field_alert" time="1.154"/>
  <testcase classname="TC_For_Signup.Carrier_Step_2_Alerts_verificationTest" name="City_field_alert" time="0.143"/>
  <testcase classname="TC_For_Signup.Carrier_Step_2_Alerts_verificationTest" name="Zipcode_field_alert" time="0.129"/>
  <testcase classname="TC_For_Signup.Carrier_Step_2_Alerts_verificationTest" name="Country_field_alert" time="0.126"/>
  <testcase classname="TC_For_Signup.Carrier_Step_2_Alerts_verificationTest" name="Location_field_alert" time="0.108"/>
  <testcase classname="TC_For_Signup.Carrier_Step_2_Alerts_verificationTest" name="QuitBrowser" time="0.084"/>
</testsuite> <!-- TC_For_Signup.Carrier_Step_2_Alerts_verificationTest -->
