<?xml version="1.0" encoding="UTF-8"?>
<!-- Generated by org.testng.reporters.JUnitReportReporter -->
<testsuite hostname="jcraj-desktop" failures="0" tests="10" name="TC_For_Signup.Carrier_Step_4_Alerts_verificationTest" time="29.124" errors="0" timestamp="2025-04-22T15:37:47 IST" skipped="0">
  <testcase classname="TC_For_Signup.Carrier_Step_4_Alerts_verificationTest" name="Setup" time="5.623"/>
  <testcase classname="TC_For_Signup.Carrier_Step_4_Alerts_verificationTest" name="SignUpFirstPage" time="3.179"/>
  <testcase classname="TC_For_Signup.Carrier_Step_4_Alerts_verificationTest" name="SignUpSecondPage" time="6.314"/>
  <testcase classname="TC_For_Signup.Carrier_Step_4_Alerts_verificationTest" name="SignUpthirdPage" time="1.146"/>
  <testcase classname="TC_For_Signup.Carrier_Step_4_Alerts_verificationTest" name="trailers_field_alert" time="1.146"/>
  <testcase classname="TC_For_Signup.Carrier_Step_4_Alerts_verificationTest" name="solo_truck_field_alert" time="1.136"/>
  <testcase classname="TC_For_Signup.Carrier_Step_4_Alerts_verificationTest" name="team_truck_field_alert" time="1.117"/>
  <testcase classname="TC_For_Signup.Carrier_Step_4_Alerts_verificationTest" name="dryvan_or_reefer_field_alert" time="3.170"/>
  <testcase classname="TC_For_Signup.Carrier_Step_4_Alerts_verificationTest" name="terms_and_condition_field_alert" time="3.200"/>
  <testcase classname="TC_For_Signup.Carrier_Step_4_Alerts_verificationTest" name="QuitBrowser" time="3.093"/>
</testsuite> <!-- TC_For_Signup.Carrier_Step_4_Alerts_verificationTest -->
