<?xml version="1.0" encoding="UTF-8"?>
<!-- Generated by org.testng.reporters.JUnitReportReporter -->
<testsuite hostname="jcraj-desktop" failures="0" tests="12" name="TC_For_Signup.Carrier_SignUp_Test" time="32.681" errors="0" timestamp="2025-04-23T10:26:20 IST" skipped="0">
  <testcase classname="TC_For_Signup.Carrier_SignUp_Test" name="Setup" time="5.783"/>
  <testcase classname="TC_For_Signup.Carrier_SignUp_Test" name="FirstStep" time="2.698"/>
  <testcase classname="TC_For_Signup.Carrier_SignUp_Test" name="SignUpFirstPage" time="2.909"/>
  <testcase classname="TC_For_Signup.Carrier_SignUp_Test" name="StepTwo" time="2.023"/>
  <testcase classname="TC_For_Signup.Carrier_SignUp_Test" name="SignUpSecondPage" time="6.308"/>
  <testcase classname="TC_For_Signup.Carrier_SignUp_Test" name="StepThree" time="2.026"/>
  <testcase classname="TC_For_Signup.Carrier_SignUp_Test" name="SignUpthirdPage" time="0.308"/>
  <testcase classname="TC_For_Signup.Carrier_SignUp_Test" name="StepFour" time="2.026"/>
  <testcase classname="TC_For_Signup.Carrier_SignUp_Test" name="SignUpFfourthPage" time="0.393"/>
  <testcase classname="TC_For_Signup.Carrier_SignUp_Test" name="SignUpConfirmation" time="3.113"/>
  <testcase classname="TC_For_Signup.Carrier_SignUp_Test" name="RedirectToHome" time="2.007"/>
  <testcase classname="TC_For_Signup.Carrier_SignUp_Test" name="QuitBrowser" time="3.087"/>
</testsuite> <!-- TC_For_Signup.Carrier_SignUp_Test -->
