<?xml version="1.0" encoding="UTF-8"?>
<!-- Generated by org.testng.reporters.JUnitReportReporter -->
<testsuite hostname="jcraj-desktop" failures="0" tests="4" name="TC_For_Forgot_Password.Forgot_Password_fields_alertsTest" time="19.020" errors="0" timestamp="2025-04-22T18:44:05 IST" skipped="0">
  <testcase classname="TC_For_Forgot_Password.Forgot_Password_fields_alertsTest" name="Setup" time="5.479"/>
  <testcase classname="TC_For_Forgot_Password.Forgot_Password_fields_alertsTest" name="Email_field_alert" time="6.627"/>
  <testcase classname="TC_For_Forgot_Password.Forgot_Password_fields_alertsTest" name="Change_Password_Page_fields_alert" time="5.824"/>
  <testcase classname="TC_For_Forgot_Password.Forgot_Password_fields_alertsTest" name="QuitBrowser" time="1.090"/>
</testsuite> <!-- TC_For_Forgot_Password.Forgot_Password_fields_alertsTest -->
