<?xml version="1.0" encoding="UTF-8"?>
<!-- Generated by org.testng.reporters.JUnitReportReporter -->
<testsuite hostname="jcraj-desktop" failures="0" tests="12" name="TC_For_Signup.Carrier_SignUp_with_valid_dataTest" time="31.735" errors="0" timestamp="2025-04-22T12:52:02 IST" skipped="0">
  <testcase classname="TC_For_Signup.Carrier_SignUp_with_valid_dataTest" name="Setup" time="4.864"/>
  <testcase classname="TC_For_Signup.Carrier_SignUp_with_valid_dataTest" name="FirstStep" time="2.756"/>
  <testcase classname="TC_For_Signup.Carrier_SignUp_with_valid_dataTest" name="SignUpFirstPage" time="2.908"/>
  <testcase classname="TC_For_Signup.Carrier_SignUp_with_valid_dataTest" name="StepTwo" time="2.021"/>
  <testcase classname="TC_For_Signup.Carrier_SignUp_with_valid_dataTest" name="SignUpSecondPage" time="6.302"/>
  <testcase classname="TC_For_Signup.Carrier_SignUp_with_valid_dataTest" name="StepThree" time="2.023"/>
  <testcase classname="TC_For_Signup.Carrier_SignUp_with_valid_dataTest" name="SignUpthirdPage" time="0.266"/>
  <testcase classname="TC_For_Signup.Carrier_SignUp_with_valid_dataTest" name="StepFour" time="2.022"/>
  <testcase classname="TC_For_Signup.Carrier_SignUp_with_valid_dataTest" name="SignUpFfourthPage" time="0.360"/>
  <testcase classname="TC_For_Signup.Carrier_SignUp_with_valid_dataTest" name="SignUpConfirmation" time="3.119"/>
  <testcase classname="TC_For_Signup.Carrier_SignUp_with_valid_dataTest" name="RedirectToHome" time="2.007"/>
  <testcase classname="TC_For_Signup.Carrier_SignUp_with_valid_dataTest" name="QuitBrowser" time="3.087"/>
</testsuite> <!-- TC_For_Signup.Carrier_SignUp_with_valid_dataTest -->
