<?xml version="1.0" encoding="UTF-8"?>
<!-- Generated by org.testng.reporters.JUnitReportReporter -->
<testsuite hostname="jcraj-desktop" failures="0" tests="10" name="TC_For_Signup.Driver_SignUp_Test" time="32.062" errors="0" timestamp="2025-04-22T17:16:10 IST" skipped="0">
  <testcase classname="TC_For_Signup.Driver_SignUp_Test" name="Setup" time="5.049"/>
  <testcase classname="TC_For_Signup.Driver_SignUp_Test" name="FirstStep" time="3.386"/>
  <testcase classname="TC_For_Signup.Driver_SignUp_Test" name="SignUpFirstPage" time="1.608"/>
  <testcase classname="TC_For_Signup.Driver_SignUp_Test" name="StepTwo" time="2.025"/>
  <testcase classname="TC_For_Signup.Driver_SignUp_Test" name="SignUpSecondPage" time="6.359"/>
  <testcase classname="TC_For_Signup.Driver_SignUp_Test" name="StepThree" time="2.035"/>
  <testcase classname="TC_For_Signup.Driver_SignUp_Test" name="SignUpthirdPage" time="3.392"/>
  <testcase classname="TC_For_Signup.Driver_SignUp_Test" name="SignUpConfirmation" time="3.111"/>
  <testcase classname="TC_For_Signup.Driver_SignUp_Test" name="RedirectToHome" time="2.007"/>
  <testcase classname="TC_For_Signup.Driver_SignUp_Test" name="QuitBrowser" time="3.090"/>
</testsuite> <!-- TC_For_Signup.Driver_SignUp_Test -->
