<?xml version="1.0" encoding="UTF-8"?>
<!-- Generated by org.testng.reporters.JUnitReportReporter -->
<testsuite hostname="jcraj-desktop" failures="0" tests="7" name="Utiltity.NewTest" time="10.787" errors="0" timestamp="2025-04-09T15:42:18 IST" skipped="0">
  <testcase classname="Utiltity.NewTest" name="Openbrowser" time="3.322"/>
  <testcase classname="Utiltity.NewTest" name="enterURL" time="1.264"/>
  <testcase classname="Utiltity.NewTest" name="enterdata" time="2.195"/>
  <testcase classname="Utiltity.NewTest" name="waittoseesearhresult" time="3.002"/>
  <testcase classname="Utiltity.NewTest" name="enterUeRL" time="0.831"/>
  <testcase classname="Utiltity.NewTest" name="Pagetitle" time="0.087"/>
  <testcase classname="Utiltity.NewTest" name="closebrowser" time="0.086"/>
</testsuite> <!-- Utiltity.NewTest -->
