<?xml version="1.0" encoding="UTF-8"?>
<!-- Generated by org.testng.reporters.JUnitReportReporter -->
<testsuite hostname="jcraj-desktop" failures="0" tests="3" name="TC_For_Login.Carrier_LoginTest" time="14.069" errors="0" timestamp="2025-04-22T17:56:19 IST" skipped="0">
  <testcase classname="TC_For_Login.Carrier_LoginTest" name="Setup" time="6.077"/>
  <testcase classname="TC_For_Login.Carrier_LoginTest" name="Enter_Valid_U_P" time="4.903"/>
  <testcase classname="TC_For_Login.Carrier_LoginTest" name="QuitBrowser" time="3.089"/>
</testsuite> <!-- TC_For_Login.Carrier_LoginTest -->
