<?xml version="1.0" encoding="UTF-8"?>
<!-- Generated by org.testng.reporters.JUnitReportReporter -->
<testsuite hostname="jcraj-desktop" failures="0" tests="2" name="TC_For_Signup.Step_1_Alerts_verificationTest" time="8.103" errors="0" timestamp="2025-04-21T12:02:48 IST" skipped="0">
  <testcase classname="TC_For_Signup.Step_1_Alerts_verificationTest" name="Setup" time="5.010"/>
  <testcase classname="TC_For_Signup.Step_1_Alerts_verificationTest" name="verify_role_field_alerts" time="3.093"/>
</testsuite> <!-- TC_For_Signup.Step_1_Alerts_verificationTest -->
