<?xml version="1.0" encoding="UTF-8"?>
<!-- Generated by org.testng.reporters.JUnitReportReporter -->
<testsuite hostname="jcraj-desktop" failures="0" tests="3" name="TC_For_Forgot_Password.Forgot_PasswordTest" time="13.228" errors="0" timestamp="2025-04-23T17:17:15 IST" skipped="0">
  <testcase classname="TC_For_Forgot_Password.Forgot_PasswordTest" name="Setup" time="3.568"/>
  <testcase classname="TC_For_Forgot_Password.Forgot_PasswordTest" name="Forgot_Password" time="7.587"/>
  <testcase classname="TC_For_Forgot_Password.Forgot_PasswordTest" name="QuitBrowser" time="2.073"/>
</testsuite> <!-- TC_For_Forgot_Password.Forgot_PasswordTest -->
