<?xml version="1.0" encoding="UTF-8"?>
<!-- Generated by org.testng.reporters.JUnitReportReporter -->
<testsuite hostname="jcraj-desktop" failures="0" tests="4" name="Identify_links.Links_Persent_or_NotTest" time="5.224" errors="0" timestamp="2025-04-23T17:17:15 IST" skipped="0">
  <testcase classname="Identify_links.Links_Persent_or_NotTest" name="Setup" time="3.479"/>
  <testcase classname="Identify_links.Links_Persent_or_NotTest" name="Header_Links" time="1.450"/>
  <testcase classname="Identify_links.Links_Persent_or_NotTest" name="Footer_Links" time="0.219"/>
  <testcase classname="Identify_links.Links_Persent_or_NotTest" name="QuitBrowser" time="0.076"/>
</testsuite> <!-- Identify_links.Links_Persent_or_NotTest -->
