<?xml version="1.0" encoding="UTF-8"?>
<!-- Generated by org.testng.reporters.JUnitReportReporter -->
<testsuite hostname="jcraj-desktop" failures="0" tests="1" name="testCases.grid" time="3.235" errors="0" timestamp="2025-04-23T10:51:21 IST" skipped="0">
  <testcase classname="testCases.grid" name="testGoogleInGrid" time="3.235"/>
</testsuite> <!-- testCases.grid -->
