<?xml version="1.0" encoding="UTF-8"?>
<!-- Generated by org.testng.reporters.JUnitReportReporter -->
<testsuite hostname="jcraj-desktop" failures="0" tests="8" name="TC_For_Signup.Carrier_Step_3_Alerts_verificationTest" time="21.258" errors="0" timestamp="2025-04-22T15:03:48 IST" skipped="0">
  <testcase classname="TC_For_Signup.Carrier_Step_3_Alerts_verificationTest" name="Setup" time="5.319"/>
  <testcase classname="TC_For_Signup.Carrier_Step_3_Alerts_verificationTest" name="SignUpFirstPage" time="3.372"/>
  <testcase classname="TC_For_Signup.Carrier_Step_3_Alerts_verificationTest" name="SignUpSecondPage" time="4.852"/>
  <testcase classname="TC_For_Signup.Carrier_Step_3_Alerts_verificationTest" name="Company_field_alert" time="1.205"/>
  <testcase classname="TC_For_Signup.Carrier_Step_3_Alerts_verificationTest" name="tax_field_alert" time="1.140"/>
  <testcase classname="TC_For_Signup.Carrier_Step_3_Alerts_verificationTest" name="MC_field_alert" time="1.137"/>
  <testcase classname="TC_For_Signup.Carrier_Step_3_Alerts_verificationTest" name="DOT_field_alert" time="1.139"/>
  <testcase classname="TC_For_Signup.Carrier_Step_3_Alerts_verificationTest" name="QuitBrowser" time="3.094"/>
</testsuite> <!-- TC_For_Signup.Carrier_Step_3_Alerts_verificationTest -->
