<?xml version="1.0" encoding="UTF-8"?>
<!-- Generated by org.testng.reporters.JUnitReportReporter -->
<testsuite hostname="jcraj-desktop" failures="0" tests="3" name="Responsive_Testing.Staff_Responsive_TestingTest" time="25.965" errors="0" timestamp="2025-05-01T10:26:37 IST" skipped="0">
  <testcase classname="Responsive_Testing.Staff_Responsive_TestingTest" name="Carrier_Login" time="12.386"/>
  <testcase classname="Responsive_Testing.Staff_Responsive_TestingTest" name="Staff_Profile" time="5.797"/>
  <testcase classname="Responsive_Testing.Staff_Responsive_TestingTest" name="Staff_Dashboard" time="7.782"/>
</testsuite> <!-- Responsive_Testing.Staff_Responsive_TestingTest -->
